(---------------------------------------------------------------------)
(                                                                     )
(    QUICKPLACE LOG                                                   )
(                                                                     )
(    Drawing          : PULSE_MODULATION.brd                          )
(    Software Version : 17.2P028                                      )
(    Date/Time        : Tue Jul 30 15:30:04 2019                      )
(                                                                     )
(---------------------------------------------------------------------)


State: Placing on layer TOP

         Placed symbol:  U5 / LF356_0_DIP8_3_LF356 / DIP8_3 at (3.473 77.093)
         Placed symbol:  U4 / LF356_0_DIP8_3_LF356 / DIP8_3 at (13.836 77.093)
         Placed symbol:  U3 / LF356_0_DIP8_3_LF356 / DIP8_3 at (24.199 77.093)
         Placed symbol:  U2 / LF398_DIP8_3_LF398 / DIP8_3 at (34.562 77.093)
         Placed symbol:  U1 / NE555_DIP8_3_NE555 / DIP8_3 at (44.925 77.093)
         Placed symbol:  J1 / CON4_JUMPER4_CON4 / JUMPER4 at (55.288 69.727)
         Placed symbol:  Q1 / Q2SA1015_TO92_Q2SA1015 / TO92 at (65.877 70.210)
         Placed symbol:  R2 / POT_RESADJ_20K / RESADJ at (73.926 74.401)
         Placed symbol:  J2 / CON3_JUMPER3_CON3 / JUMPER3 at (76.669 69.473)
         Placed symbol:  R5 / POT_RESADJ_5K / RESADJ at (87.032 74.401)
         Placed symbol:  R12 / R_RES400_10K / RES400 at (90.359 69.384)
         Placed symbol:  R8 / R_RES400_10K / RES400 at (93.686 69.384)
         Placed symbol:  R10 / R_RES400_10K / RES400 at (4.057 82.109)
         Placed symbol:  J3 / CON2_JUMPER2_CON2 / JUMPER2 at (6.800 82.198)
         Placed symbol:  R4 / R_RES400_6.2K / RES400 at (12.667 82.109)
         Placed symbol:  R11 / R_RES400_10K / RES400 at (15.994 82.109)
         Placed symbol:  R6 / R_RES400_39K / RES400 at (19.321 82.109)
         Placed symbol:  R7 / R_RES400_100K / RES400 at (22.648 82.109)
         Placed symbol:  R3 / R_RES400_560 / RES400 at (25.975 82.109)
         Placed symbol:  R9 / R_RES400_10K / RES400 at (29.302 82.109)
         Placed symbol:  D1 / D1S1588_DO35_D1S1588 / DO35 at (32.197 82.198)
         Placed symbol:  C2 / CAP NP_CAPCK05_0.01UF / CAPCK05 at (34.940 82.198)
         Placed symbol:  C1 / CAP NP_CAPCK05_0.01UF / CAPCK05 at (37.683 82.198)


Placed 23 of 23 applicable (23 total) symbols.

-----------------------------------------------------------------------

